Using pre-set license
Built from '2020.2/release' branch; Version is '2020.2.4f1 (becced5a802b) revision 12504301'; Using compiler version '192528614'; Build Type 'Release'
OS: 'Windows 10 Home; OS build 19041.804; Version 2004; 64bit' Language: 'en' Physical Memory: 16381 MB
BatchMode: 1, IsHumanControllingUs: 0, StartBugReporterOnCrash: 0, Is64bit: 1, IsPro: 0

 COMMAND LINE ARGUMENTS:
F:\unity\2020.2.4f1\Editor\Unity.exe
-adb2
-batchMode
-noUpm
-name
AssetImportWorker0
-projectPath
F:/temp_folder/Prototype-3 v.3.00
-logFile
Logs/AssetImportWorker0.log
-srvPort
3523
Successfully changed project path to: F:/temp_folder/Prototype-3 v.3.00
F:/temp_folder/Prototype-3 v.3.00
Using Asset Import Pipeline V2.
Refreshing native plugins compatible for Editor in 148.61 ms, found 1 plugins.
Preloading 0 native plugins for Editor in 0.00 ms.
Initialize engine version: 2020.2.4f1 (becced5a802b)
[Subsystems] Discovering subsystems at path F:/unity/2020.2.4f1/Editor/Data/Resources/UnitySubsystems
[Subsystems] Discovering subsystems at path F:/temp_folder/Prototype-3 v.3.00/Assets
GfxDevice: creating device client; threaded=0
Direct3D:
    Version:  Direct3D 11.0 [level 11.1]
    Renderer: NVIDIA GeForce GTX 1060 6GB (ID=0x1c03)
    Vendor:   
    VRAM:     6052 MB
    Driver:   27.21.14.5671
Initialize mono
Mono path[0] = 'F:/unity/2020.2.4f1/Editor/Data/Managed'
Mono path[1] = 'F:/unity/2020.2.4f1/Editor/Data/MonoBleedingEdge/lib/mono/unityjit'
Mono config path = 'F:/unity/2020.2.4f1/Editor/Data/MonoBleedingEdge/etc'
Using monoOptions --debugger-agent=transport=dt_socket,embedding=1,server=y,suspend=n,address=127.0.0.1:56868
Begin MonoManager ReloadAssembly
Registering precompiled unity dll's ...
Register platform support module: F:/unity/2020.2.4f1/Editor/Data/PlaybackEngines/WindowsStandaloneSupport/UnityEditor.WindowsStandalone.Extensions.dll
Registered in 0.002449 seconds.
Native extension for WindowsStandalone target not found
Refreshing native plugins compatible for Editor in 115.65 ms, found 1 plugins.
Preloading 0 native plugins for Editor in 0.00 ms.
Invoked RoslynAnalysisRunner static constructor.
RoslynAnalysisRunner will not be running.
RoslynAnalysisRunner has terminated.
Mono: successfully reloaded assembly
- Completed reload, in  2.065 seconds
Platform modules already initialized, skipping
Registering precompiled user dll's ...
Registered in 0.001744 seconds.
Begin MonoManager ReloadAssembly
Native extension for WindowsStandalone target not found
Refreshing native plugins compatible for Editor in 109.99 ms, found 1 plugins.
Preloading 0 native plugins for Editor in 0.00 ms.
Invoked RoslynAnalysisRunner static constructor.
RoslynAnalysisRunner will not be running.
RoslynAnalysisRunner has terminated.
Mono: successfully reloaded assembly
- Completed reload, in  1.799 seconds
Platform modules already initialized, skipping
========================================================================
Worker process is ready to serve import requests
Launched and connected shader compiler UnityShaderCompiler.exe after 0.12 seconds
Refreshing native plugins compatible for Editor in 0.97 ms, found 1 plugins.
Preloading 0 native plugins for Editor in 0.00 ms.
Unloading 1813 Unused Serialized files (Serialized files now loaded: 0)
System memory in use before: 87.3 MB.
System memory in use after: 87.3 MB.

Unloading 24 unused Assets to reduce memory usage. Loaded Objects now: 2257.
Total: 3.628600 ms (FindLiveObjects: 0.463300 ms CreateObjectMapping: 0.111900 ms MarkObjects: 2.832500 ms  DeleteObjects: 0.218600 ms)

========================================================================
Received Import Request.
  path: Assets/2D Tree Set Free/Sprites
  artifactKey: Guid(2f953a4c603b44425b1921dfaeb02497) Importer(815301076,1909f56bfc062723c751e8b465ee728b)
Start importing Assets/2D Tree Set Free/Sprites using Guid(2f953a4c603b44425b1921dfaeb02497) Importer(815301076,1909f56bfc062723c751e8b465ee728b)  -> (artifact id: '42497ffccc1ae81b737f06034d1db563') in 0.029781 seconds
  Import took 0.054601 seconds .

========================================================================
Received Import Request.
  Time since last request: 0.000600 seconds.
  path: Assets/2D Tree Set Free
  artifactKey: Guid(9983bc230d6c1bc4c88803fccd46a258) Importer(815301076,1909f56bfc062723c751e8b465ee728b)
Start importing Assets/2D Tree Set Free using Guid(9983bc230d6c1bc4c88803fccd46a258) Importer(815301076,1909f56bfc062723c751e8b465ee728b)  -> (artifact id: '0769bb78bd87081d3f586d790cc8ab00') in 0.010905 seconds
  Import took 0.015814 seconds .

========================================================================
Received Import Request.
  Time since last request: 1.445606 seconds.
  path: Assets/2D Tree Set Free/Sprites/512
  artifactKey: Guid(ddb69ed3d0d7e40f097b619b259466a5) Importer(815301076,1909f56bfc062723c751e8b465ee728b)
Start importing Assets/2D Tree Set Free/Sprites/512 using Guid(ddb69ed3d0d7e40f097b619b259466a5) Importer(815301076,1909f56bfc062723c751e8b465ee728b)  -> (artifact id: '2f7c4cef7f00e4f9957ff228b3249cca') in 0.010408 seconds
  Import took 0.043436 seconds .

========================================================================
Received Import Request.
  Time since last request: 0.065889 seconds.
  path: Assets/2D Tree Set Free/Sprites/512/1_512.png
  artifactKey: Guid(0650cd3fc936448278a709fe5aeb36dd) Importer(815301076,1909f56bfc062723c751e8b465ee728b)
Start importing Assets/2D Tree Set Free/Sprites/512/1_512.png using Guid(0650cd3fc936448278a709fe5aeb36dd) Importer(815301076,1909f56bfc062723c751e8b465ee728b)  -> (artifact id: 'a2f278f49ce2112e1087158dc066f42b') in 0.329578 seconds
  Import took 0.352874 seconds .

========================================================================
Received Import Request.
  Time since last request: 0.000294 seconds.
  path: Assets/2D Tree Set Free/Sprites/512/2_512.png
  artifactKey: Guid(8aa66ae67dab14fc9a04eaf5e9ab0a2e) Importer(815301076,1909f56bfc062723c751e8b465ee728b)
Start importing Assets/2D Tree Set Free/Sprites/512/2_512.png using Guid(8aa66ae67dab14fc9a04eaf5e9ab0a2e) Importer(815301076,1909f56bfc062723c751e8b465ee728b)  -> (artifact id: 'e200331aebd12b94d34cd2a4aea58992') in 0.038311 seconds
  Import took 0.053121 seconds .

========================================================================
Received Import Request.
  Time since last request: 0.000275 seconds.
  path: Assets/2D Tree Set Free/Sprites/512/3_512.png
  artifactKey: Guid(5ecfa2d76ec2a4228a27894b9a76eb0e) Importer(815301076,1909f56bfc062723c751e8b465ee728b)
Start importing Assets/2D Tree Set Free/Sprites/512/3_512.png using Guid(5ecfa2d76ec2a4228a27894b9a76eb0e) Importer(815301076,1909f56bfc062723c751e8b465ee728b)  -> (artifact id: 'fc8300295817f0fb7013b6a2d17280fa') in 0.045048 seconds
  Import took 0.057620 seconds .

========================================================================
Received Import Request.
  Time since last request: 19.606352 seconds.
  path: Assets/2D Tree Set Free/Sprites/1024
  artifactKey: Guid(af0edc01c1899491a86b880fa340bf3d) Importer(815301076,1909f56bfc062723c751e8b465ee728b)
Start importing Assets/2D Tree Set Free/Sprites/1024 using Guid(af0edc01c1899491a86b880fa340bf3d) Importer(815301076,1909f56bfc062723c751e8b465ee728b)  -> (artifact id: '3f7f84dd9a9efd56df9c4d6a2a9d8be6') in 0.013161 seconds
  Import took 0.031111 seconds .

========================================================================
Received Import Request.
  Time since last request: 0.496396 seconds.
  path: Assets/2D Tree Set Free/Sprites/EPS
  artifactKey: Guid(b1ad36fd6faa64cf8b00077c0990d51e) Importer(815301076,1909f56bfc062723c751e8b465ee728b)
Start importing Assets/2D Tree Set Free/Sprites/EPS using Guid(b1ad36fd6faa64cf8b00077c0990d51e) Importer(815301076,1909f56bfc062723c751e8b465ee728b)  -> (artifact id: 'b907317e92307532b9f2494329b53a8c') in 0.011322 seconds
  Import took 0.053558 seconds .

========================================================================
Received Import Request.
  Time since last request: 2.137672 seconds.
  path: Assets/2D Tree Set Free/Sprites/EPS/trees.eps
  artifactKey: Guid(e3b3d8325cc934197989e263056a07a0) Importer(815301076,1909f56bfc062723c751e8b465ee728b)
Start importing Assets/2D Tree Set Free/Sprites/EPS/trees.eps using Guid(e3b3d8325cc934197989e263056a07a0) Importer(815301076,1909f56bfc062723c751e8b465ee728b)  -> (artifact id: '28076bd5b2c122469c7c686f2f11fc81') in 0.017603 seconds
  Import took 0.031986 seconds .

========================================================================
Received Import Request.
  Time since last request: 1.896060 seconds.
  path: Assets/2D Tree Set Free/Sprites/1024/1_1024.png
  artifactKey: Guid(56f457b531347463b9a4e79c188ba4a1) Importer(815301076,1909f56bfc062723c751e8b465ee728b)
Start importing Assets/2D Tree Set Free/Sprites/1024/1_1024.png using Guid(56f457b531347463b9a4e79c188ba4a1) Importer(815301076,1909f56bfc062723c751e8b465ee728b)  -> (artifact id: '97aa325694e0644325724b4e3bfdac6a') in 0.035480 seconds
  Import took 0.046808 seconds .

========================================================================
Received Import Request.
  Time since last request: 0.000265 seconds.
  path: Assets/2D Tree Set Free/Sprites/1024/2_1024.png
  artifactKey: Guid(ad39276bec8164c46930088a3d89c301) Importer(815301076,1909f56bfc062723c751e8b465ee728b)
Start importing Assets/2D Tree Set Free/Sprites/1024/2_1024.png using Guid(ad39276bec8164c46930088a3d89c301) Importer(815301076,1909f56bfc062723c751e8b465ee728b)  -> (artifact id: '2ebc05af99cc39d70519b744551775e2') in 0.055124 seconds
  Import took 0.070537 seconds .

========================================================================
Received Import Request.
  Time since last request: 0.000302 seconds.
  path: Assets/2D Tree Set Free/Sprites/1024/3_1024.png
  artifactKey: Guid(0ed1286bb75cd41dfa0675c10b5971a2) Importer(815301076,1909f56bfc062723c751e8b465ee728b)
Start importing Assets/2D Tree Set Free/Sprites/1024/3_1024.png using Guid(0ed1286bb75cd41dfa0675c10b5971a2) Importer(815301076,1909f56bfc062723c751e8b465ee728b)  -> (artifact id: 'ef9db516ec1ddd7d4d344eda4480ab38') in 0.048525 seconds
  Import took 0.061671 seconds .

========================================================================
Received Prepare
Registering precompiled user dll's ...
Registered in 0.001763 seconds.
Begin MonoManager ReloadAssembly
Native extension for WindowsStandalone target not found
Refreshing native plugins compatible for Editor in 1.00 ms, found 1 plugins.
Preloading 0 native plugins for Editor in 0.00 ms.
Invoked RoslynAnalysisRunner static constructor.
RoslynAnalysisRunner will not be running.
RoslynAnalysisRunner has terminated.
Mono: successfully reloaded assembly
- Completed reload, in  1.620 seconds
Platform modules already initialized, skipping
Refreshing native plugins compatible for Editor in 0.95 ms, found 1 plugins.
Preloading 0 native plugins for Editor in 0.00 ms.
Unloading 1808 Unused Serialized files (Serialized files now loaded: 0)
System memory in use before: 90.4 MB.
System memory in use after: 90.4 MB.

Unloading 12 unused Assets to reduce memory usage. Loaded Objects now: 2270.
Total: 3.614600 ms (FindLiveObjects: 0.417000 ms CreateObjectMapping: 0.113400 ms MarkObjects: 2.883200 ms  DeleteObjects: 0.199600 ms)

========================================================================
Received Prepare
Registering precompiled user dll's ...
Registered in 0.001927 seconds.
Begin MonoManager ReloadAssembly
Native extension for WindowsStandalone target not found
Refreshing native plugins compatible for Editor in 1.05 ms, found 1 plugins.
Preloading 0 native plugins for Editor in 0.00 ms.
Invoked RoslynAnalysisRunner static constructor.
RoslynAnalysisRunner will not be running.
RoslynAnalysisRunner has terminated.
Mono: successfully reloaded assembly
- Completed reload, in  1.596 seconds
Platform modules already initialized, skipping
Refreshing native plugins compatible for Editor in 1.06 ms, found 1 plugins.
Preloading 0 native plugins for Editor in 0.00 ms.
Unloading 1808 Unused Serialized files (Serialized files now loaded: 0)
System memory in use before: 90.4 MB.
System memory in use after: 90.4 MB.

Unloading 12 unused Assets to reduce memory usage. Loaded Objects now: 2273.
Total: 3.646600 ms (FindLiveObjects: 0.390900 ms CreateObjectMapping: 0.113000 ms MarkObjects: 2.945600 ms  DeleteObjects: 0.195300 ms)

========================================================================
Received Prepare
Registering precompiled user dll's ...
Registered in 0.002201 seconds.
Begin MonoManager ReloadAssembly
Native extension for WindowsStandalone target not found
Refreshing native plugins compatible for Editor in 1.77 ms, found 1 plugins.
Preloading 0 native plugins for Editor in 0.00 ms.
Invoked RoslynAnalysisRunner static constructor.
RoslynAnalysisRunner will not be running.
RoslynAnalysisRunner has terminated.
Mono: successfully reloaded assembly
- Completed reload, in  2.385 seconds
Platform modules already initialized, skipping
Refreshing native plugins compatible for Editor in 1.10 ms, found 1 plugins.
Preloading 0 native plugins for Editor in 0.00 ms.
Unloading 1808 Unused Serialized files (Serialized files now loaded: 0)
System memory in use before: 90.4 MB.
System memory in use after: 90.4 MB.

Unloading 12 unused Assets to reduce memory usage. Loaded Objects now: 2276.
Total: 3.477200 ms (FindLiveObjects: 0.390500 ms CreateObjectMapping: 0.118900 ms MarkObjects: 2.797800 ms  DeleteObjects: 0.167900 ms)

========================================================================
Received Import Request.
  Time since last request: 1922.040039 seconds.
  path: Assets/Hero_Knight
  artifactKey: Guid(74888e5f8a52f854fb6b93f6b1405340) Importer(815301076,1909f56bfc062723c751e8b465ee728b)
Start importing Assets/Hero_Knight using Guid(74888e5f8a52f854fb6b93f6b1405340) Importer(815301076,1909f56bfc062723c751e8b465ee728b)  -> (artifact id: '0fd9a963ac76e115d10932cf00d99e2f') in 0.015743 seconds
  Import took 0.038484 seconds .

========================================================================
Received Import Request.
  Time since last request: 240.996678 seconds.
  path: Assets/PixelTilesForSideScroller/Sprites/Nature/Tree14_2.png
  artifactKey: Guid(d5423cd9cba67b342bb2c4182b5dad69) Importer(815301076,1909f56bfc062723c751e8b465ee728b)
Start importing Assets/PixelTilesForSideScroller/Sprites/Nature/Tree14_2.png using Guid(d5423cd9cba67b342bb2c4182b5dad69) Importer(815301076,1909f56bfc062723c751e8b465ee728b)  -> (artifact id: '9c59603a571688a3ab163df16d4cbc47') in 0.164497 seconds
  Import took 0.182756 seconds .

========================================================================
Received Import Request.
  Time since last request: 0.000257 seconds.
  path: Assets/PixelTilesForSideScroller/Sprites/Nature/Tree14_5.png
  artifactKey: Guid(ca096e03695477c48b178be9314709b6) Importer(815301076,1909f56bfc062723c751e8b465ee728b)
Start importing Assets/PixelTilesForSideScroller/Sprites/Nature/Tree14_5.png using Guid(ca096e03695477c48b178be9314709b6) Importer(815301076,1909f56bfc062723c751e8b465ee728b)  -> (artifact id: 'a21e4175ec2b5f92b9d8052a2a7b58b7') in 0.070258 seconds
  Import took 0.075438 seconds .

========================================================================
Received Import Request.
  Time since last request: 0.000357 seconds.
  path: Assets/PixelTilesForSideScroller/Sprites/Nature/Tree14_3.png
  artifactKey: Guid(244d850d4f450be4e971cb676aaef29b) Importer(815301076,1909f56bfc062723c751e8b465ee728b)
Start importing Assets/PixelTilesForSideScroller/Sprites/Nature/Tree14_3.png using Guid(244d850d4f450be4e971cb676aaef29b) Importer(815301076,1909f56bfc062723c751e8b465ee728b)  -> (artifact id: '51586f07f24c9becd176fd2379d4607f') in 0.072145 seconds
  Import took 0.077901 seconds .

========================================================================
Received Import Request.
  Time since last request: 0.000304 seconds.
  path: Assets/PixelTilesForSideScroller/Sprites/Nature/Tree14_7.png
  artifactKey: Guid(ea9bc13ec8617df48845e09d94689cc3) Importer(815301076,1909f56bfc062723c751e8b465ee728b)
Start importing Assets/PixelTilesForSideScroller/Sprites/Nature/Tree14_7.png using Guid(ea9bc13ec8617df48845e09d94689cc3) Importer(815301076,1909f56bfc062723c751e8b465ee728b)  -> (artifact id: '6c2b35e6e9a154960486a7565668763d') in 0.069568 seconds
  Import took 0.080366 seconds .

========================================================================
Received Import Request.
  Time since last request: 0.000335 seconds.
  path: Assets/PixelTilesForSideScroller/Sprites/Nature/Tree14_3.png
  artifactKey: Guid(244d850d4f450be4e971cb676aaef29b) Importer(815301076,1909f56bfc062723c751e8b465ee728b)
Start importing Assets/PixelTilesForSideScroller/Sprites/Nature/Tree14_3.png using Guid(244d850d4f450be4e971cb676aaef29b) Importer(815301076,1909f56bfc062723c751e8b465ee728b)  -> (artifact id: '51586f07f24c9becd176fd2379d4607f') in 0.019726 seconds
  Import took 0.025621 seconds .

========================================================================
Received Import Request.
  Time since last request: 0.000298 seconds.
  path: Assets/PixelTilesForSideScroller/Sprites/Nature/Tree14_2.png
  artifactKey: Guid(d5423cd9cba67b342bb2c4182b5dad69) Importer(815301076,1909f56bfc062723c751e8b465ee728b)
Start importing Assets/PixelTilesForSideScroller/Sprites/Nature/Tree14_2.png using Guid(d5423cd9cba67b342bb2c4182b5dad69) Importer(815301076,1909f56bfc062723c751e8b465ee728b)  -> (artifact id: '9c59603a571688a3ab163df16d4cbc47') in 0.010100 seconds
  Import took 0.015413 seconds .

========================================================================
Received Import Request.
  Time since last request: 0.000300 seconds.
  path: Assets/PixelTilesForSideScroller/Sprites/Nature/Tree15_3.png
  artifactKey: Guid(1257a10b1261d7f49b8464b1d0295b65) Importer(815301076,1909f56bfc062723c751e8b465ee728b)
Start importing Assets/PixelTilesForSideScroller/Sprites/Nature/Tree15_3.png using Guid(1257a10b1261d7f49b8464b1d0295b65) Importer(815301076,1909f56bfc062723c751e8b465ee728b)  -> (artifact id: 'a1fe0d0ea27d6d155e9852588d4509cd') in 0.074949 seconds
  Import took 0.079730 seconds .

========================================================================
Received Import Request.
  Time since last request: 0.000316 seconds.
  path: Assets/PixelTilesForSideScroller/Sprites/Nature/Tree15_5.png
  artifactKey: Guid(38071a7ef83d6ba42a570c95ca9945fe) Importer(815301076,1909f56bfc062723c751e8b465ee728b)
Start importing Assets/PixelTilesForSideScroller/Sprites/Nature/Tree15_5.png using Guid(38071a7ef83d6ba42a570c95ca9945fe) Importer(815301076,1909f56bfc062723c751e8b465ee728b)  -> (artifact id: '4ea97a5525493ef3e09c15046556e300') in 0.068435 seconds
  Import took 0.100124 seconds .

========================================================================
Received Import Request.
  Time since last request: 0.000308 seconds.
  path: Assets/PixelTilesForSideScroller/Sprites/Nature/Tree15_3.png
  artifactKey: Guid(1257a10b1261d7f49b8464b1d0295b65) Importer(815301076,1909f56bfc062723c751e8b465ee728b)
Start importing Assets/PixelTilesForSideScroller/Sprites/Nature/Tree15_3.png using Guid(1257a10b1261d7f49b8464b1d0295b65) Importer(815301076,1909f56bfc062723c751e8b465ee728b)  -> (artifact id: 'a1fe0d0ea27d6d155e9852588d4509cd') in 0.011669 seconds
  Import took 0.018598 seconds .

========================================================================
Received Import Request.
  Time since last request: 0.000363 seconds.
  path: Assets/PixelTilesForSideScroller/Sprites/Nature/Tree14_8.png
  artifactKey: Guid(731369c4a0866974fadeda759dbcc169) Importer(815301076,1909f56bfc062723c751e8b465ee728b)
Start importing Assets/PixelTilesForSideScroller/Sprites/Nature/Tree14_8.png using Guid(731369c4a0866974fadeda759dbcc169) Importer(815301076,1909f56bfc062723c751e8b465ee728b)  -> (artifact id: '4f3b96971c435acf490edb5db0877396') in 0.071683 seconds
  Import took 0.076952 seconds .

========================================================================
Received Import Request.
  Time since last request: 0.000298 seconds.
  path: Assets/PixelTilesForSideScroller/Sprites/Nature/Tree14_4.png
  artifactKey: Guid(6437ec89bf0155a4482e2f1fb0e22779) Importer(815301076,1909f56bfc062723c751e8b465ee728b)
Start importing Assets/PixelTilesForSideScroller/Sprites/Nature/Tree14_4.png using Guid(6437ec89bf0155a4482e2f1fb0e22779) Importer(815301076,1909f56bfc062723c751e8b465ee728b)  -> (artifact id: 'bd806e2608ab11a691f3305b07dcf03b') in 0.051522 seconds
  Import took 0.075216 seconds .

========================================================================
Received Import Request.
  Time since last request: 0.000284 seconds.
  path: Assets/PixelTilesForSideScroller/Sprites/Nature/Tree15_6.png
  artifactKey: Guid(0c71d833e7e9c504ab34ce93a8860a4f) Importer(815301076,1909f56bfc062723c751e8b465ee728b)
Start importing Assets/PixelTilesForSideScroller/Sprites/Nature/Tree15_6.png using Guid(0c71d833e7e9c504ab34ce93a8860a4f) Importer(815301076,1909f56bfc062723c751e8b465ee728b)  -> (artifact id: '22327c82b55a25d71169c4ac5a662300') in 0.060957 seconds
  Import took 0.069113 seconds .

========================================================================
Received Import Request.
  Time since last request: 0.000297 seconds.
  path: Assets/PixelTilesForSideScroller/Sprites/Nature/Tree15_4.png
  artifactKey: Guid(7b92c46630963864c8972059a84bc85c) Importer(815301076,1909f56bfc062723c751e8b465ee728b)
Start importing Assets/PixelTilesForSideScroller/Sprites/Nature/Tree15_4.png using Guid(7b92c46630963864c8972059a84bc85c) Importer(815301076,1909f56bfc062723c751e8b465ee728b)  -> (artifact id: 'e01163591e4918d66b803eb3d32cfaa8') in 0.063482 seconds
  Import took 0.074054 seconds .

========================================================================
Received Import Request.
  Time since last request: 0.000330 seconds.
  path: Assets/PixelTilesForSideScroller/Sprites/Nature/Tree15.png
  artifactKey: Guid(4b415d9262e476d458803f45ea5899cb) Importer(815301076,1909f56bfc062723c751e8b465ee728b)
Start importing Assets/PixelTilesForSideScroller/Sprites/Nature/Tree15.png using Guid(4b415d9262e476d458803f45ea5899cb) Importer(815301076,1909f56bfc062723c751e8b465ee728b)  -> (artifact id: '1a8b477fa7a5a94202ea2e29242dd733') in 0.047906 seconds
  Import took 0.071457 seconds .

========================================================================
Received Import Request.
  Time since last request: 0.000304 seconds.
  path: Assets/PixelTilesForSideScroller/Sprites/Nature/Tree15_1.png
  artifactKey: Guid(4d3393d41976a134f90ddd80f210bcbe) Importer(815301076,1909f56bfc062723c751e8b465ee728b)
Start importing Assets/PixelTilesForSideScroller/Sprites/Nature/Tree15_1.png using Guid(4d3393d41976a134f90ddd80f210bcbe) Importer(815301076,1909f56bfc062723c751e8b465ee728b)  -> (artifact id: '74293cf3849e7eb28f830f6ffe98126f') in 0.037175 seconds
  Import took 0.048845 seconds .

========================================================================
Received Import Request.
  Time since last request: 0.000229 seconds.
  path: Assets/PixelTilesForSideScroller/Sprites/Nature/Tree15_2.png
  artifactKey: Guid(db899875e258b5443b6fdfaaa0d95788) Importer(815301076,1909f56bfc062723c751e8b465ee728b)
Start importing Assets/PixelTilesForSideScroller/Sprites/Nature/Tree15_2.png using Guid(db899875e258b5443b6fdfaaa0d95788) Importer(815301076,1909f56bfc062723c751e8b465ee728b)  -> (artifact id: '48a2f68b64b268a139cf169f0276fc39') in 0.044400 seconds
  Import took 0.054459 seconds .

========================================================================
Received Import Request.
  Time since last request: 0.000318 seconds.
  path: Assets/PixelTilesForSideScroller/Sprites/Nature/Tree14_9.png
  artifactKey: Guid(e21c2a14bd64dd54287421b52506fe3d) Importer(815301076,1909f56bfc062723c751e8b465ee728b)
Start importing Assets/PixelTilesForSideScroller/Sprites/Nature/Tree14_9.png using Guid(e21c2a14bd64dd54287421b52506fe3d) Importer(815301076,1909f56bfc062723c751e8b465ee728b)  -> (artifact id: '01574eb06fb2ff39750f9250a520f2af') in 0.078052 seconds
  Import took 0.083599 seconds .

========================================================================
Received Import Request.
  Time since last request: 0.000312 seconds.
  path: Assets/PixelTilesForSideScroller/Sprites/Nature/Tree14_6.png
  artifactKey: Guid(333e252fe6f95244aa40bb71439a4fa7) Importer(815301076,1909f56bfc062723c751e8b465ee728b)
Start importing Assets/PixelTilesForSideScroller/Sprites/Nature/Tree14_6.png using Guid(333e252fe6f95244aa40bb71439a4fa7) Importer(815301076,1909f56bfc062723c751e8b465ee728b)  -> (artifact id: '282f16670e83d57423cdab7ecff2d9b8') in 0.094865 seconds
  Import took 0.100405 seconds .

========================================================================
Received Import Request.
  Time since last request: 410.204598 seconds.
  path: Assets/PixelTilesForSideScroller/Sprites/Nature/Tree15.png
  artifactKey: Guid(4b415d9262e476d458803f45ea5899cb) Importer(815301076,1909f56bfc062723c751e8b465ee728b)
Start importing Assets/PixelTilesForSideScroller/Sprites/Nature/Tree15.png using Guid(4b415d9262e476d458803f45ea5899cb) Importer(815301076,1909f56bfc062723c751e8b465ee728b)  -> (artifact id: '7ecd89caa2af1ca2f08a1fd0fa3bd06d') in 0.042602 seconds
  Import took 0.066182 seconds .

========================================================================
Received Prepare
Registering precompiled user dll's ...
Registered in 0.001736 seconds.
Begin MonoManager ReloadAssembly
Native extension for WindowsStandalone target not found
Refreshing native plugins compatible for Editor in 0.97 ms, found 1 plugins.
Preloading 0 native plugins for Editor in 0.00 ms.
Invoked RoslynAnalysisRunner static constructor.
RoslynAnalysisRunner will not be running.
RoslynAnalysisRunner has terminated.
Mono: successfully reloaded assembly
- Completed reload, in  1.669 seconds
Platform modules already initialized, skipping
Refreshing native plugins compatible for Editor in 0.97 ms, found 1 plugins.
Preloading 0 native plugins for Editor in 0.00 ms.
Unloading 1808 Unused Serialized files (Serialized files now loaded: 0)
System memory in use before: 90.5 MB.
System memory in use after: 90.5 MB.

Unloading 12 unused Assets to reduce memory usage. Loaded Objects now: 2284.
Total: 3.335400 ms (FindLiveObjects: 0.375500 ms CreateObjectMapping: 0.102900 ms MarkObjects: 2.674600 ms  DeleteObjects: 0.180900 ms)

